#
# A fatal error has been detected by the Java Runtime Environment:
#
#  EXCEPTION_ACCESS_VIOLATION (0xc0000005) at pc=0x00007ff89fa048f5, pid=7172, tid=0x0000000000001454
#
# JRE version: Java(TM) SE Runtime Environment (8.0_181-b13) (build 1.8.0_181-b13)
# Java VM: Java HotSpot(TM) 64-Bit Server VM (25.181-b13 mixed mode windows-amd64 compressed oops)
# Problematic frame:
# C  [openalpr.dll+0x548f5]
#
# Failed to write core dump. Minidumps are not enabled by default on client versions of Windows
#
# If you would like to submit a bug report, please visit:
#   http://bugreport.java.com/bugreport/crash.jsp
# The crash happened outside the Java Virtual Machine in native code.
# See problematic frame for where to report the bug.
#

---------------  T H R E A D  ---------------

Current thread (0x0000000019525800):  JavaThread "AWT-EventQueue-0" [_thread_in_native, id=5204, stack(0x000000001a330000,0x000000001a430000)]

siginfo: ExceptionCode=0xc0000005, reading address 0x0000000000000008

Registers:
RAX=0x000065fd97657bb1, RBX=0x000000001a42baa0, RCX=0x0000000000000000, RDX=0x000000001a42bce0
RSP=0x000000001a42b1c0, RBP=0x000000001a42b2c0, RSI=0x0000000000000000, RDI=0x000000001a42bce0
R8 =0x000000001a42baa0, R9 =0x000000001a42b478, R10=0x0000000021f4a010, R11=0x0000000000000000
R12=0x0000000000000000, R13=0x0000000000000000, R14=0x000000001a42bf90, R15=0x0000000021484b10
RIP=0x00007ff89fa048f5, EFLAGS=0x0000000000010246

Top of Stack: (sp=0x000000001a42b1c0)
0x000000001a42b1c0:   0000000021f4a010 000a70de000a5dbb
0x000000001a42b1d0:   000a9724000a8401 0000000000611080
0x000000001a42b1e0:   0000000000610cc0 000b09f600000001
0x000000001a42b1f0:   0000000000000020 000b5682000b435f
0x000000001a42b200:   000b7cc8000b69a5 0000000000000020
0x000000001a42b210:   0000000000000010 0000000000000000
0x000000001a42b220:   0000000000000000 0000000000000002
0x000000001a42b230:   0000000000000000 0000000000000000
0x000000001a42b240:   0000000000670000 00007ff8e6a3265b
0x000000001a42b250:   000cfb8400000040 000d21ca00000000
0x000000001a42b260:   0000000000000010 000d6e5600000000
0x000000001a42b270:   000d949c000d8179 000dbae2000da7bf
0x000000001a42b280:   000de12800000002 000e076e000df44b
0x000000001a42b290:   000e2db4000e1a91 000e53fa000e40d7
0x000000001a42b2a0:   fffffffffffffffe 000000001a42bce0
0x000000001a42b2b0:   000000001a42baa0 000eed12000ed9ef 

Instructions: (pc=0x00007ff89fa048f5)
0x00007ff89fa048d5:   48 89 85 e0 00 00 00 49 8b d8 48 8b fa 48 8b f1
0x00007ff89fa048e5:   48 89 55 e8 48 89 5d f0 45 33 e4 44 89 64 24 60
0x00007ff89fa048f5:   44 38 61 08 75 63 48 8b 41 10 44 38 a0 fa 01 00
0x00007ff89fa04905:   00 74 23 48 8d 15 e1 e9 18 00 48 8b 0d ea 78 18 


Register to memory mapping:

RAX=0x000065fd97657bb1 is an unknown value
RBX=0x000000001a42baa0 is pointing into the stack for thread: 0x0000000019525800
RCX=0x0000000000000000 is an unknown value
RDX=0x000000001a42bce0 is pointing into the stack for thread: 0x0000000019525800
RSP=0x000000001a42b1c0 is pointing into the stack for thread: 0x0000000019525800
RBP=0x000000001a42b2c0 is pointing into the stack for thread: 0x0000000019525800
RSI=0x0000000000000000 is an unknown value
RDI=0x000000001a42bce0 is pointing into the stack for thread: 0x0000000019525800
R8 =0x000000001a42baa0 is pointing into the stack for thread: 0x0000000019525800
R9 =0x000000001a42b478 is pointing into the stack for thread: 0x0000000019525800
R10=0x0000000021f4a010 is an unknown value
R11=0x0000000000000000 is an unknown value
R12=0x0000000000000000 is an unknown value
R13=0x0000000000000000 is an unknown value
R14=0x000000001a42bf90 is pointing into the stack for thread: 0x0000000019525800
R15=0x0000000021484b10 is an unknown value


Stack: [0x000000001a330000,0x000000001a430000],  sp=0x000000001a42b1c0,  free space=1004k
Native frames: (J=compiled Java code, j=interpreted, Vv=VM code, C=native code)
C  [openalpr.dll+0x548f5]
C  [openalpr.dll+0x19758]
C  [openalpr.dll+0x18fa4]
C  [openalpr.dll+0x18ea5]
C  [openalpr.dll+0x18959]
C  [openalpr.dll+0xf39a]
C  [openalprjni.dll+0x2cab]
C  0x00000000027b8c67

Java frames: (J=compiled Java code, j=interpreted, Vv=VM code)
j  com.openalpr.jni.Alpr.native_recognize([B)Ljava/lang/String;+0
j  com.openalpr.jni.Alpr.recognize([B)Lcom/openalpr/jni/AlprResults;+2
j  com.alvarogalia.Client.VideoCamera.paintComponent(Ljava/awt/Graphics;)V+235
j  javax.swing.JComponent.paint(Ljava/awt/Graphics;)V+286
j  javax.swing.JComponent.paintChildren(Ljava/awt/Graphics;)V+501
j  javax.swing.JComponent.paint(Ljava/awt/Graphics;)V+318
j  javax.swing.JComponent.paintChildren(Ljava/awt/Graphics;)V+501
j  javax.swing.JComponent.paint(Ljava/awt/Graphics;)V+318
j  javax.swing.JComponent.paintChildren(Ljava/awt/Graphics;)V+501
j  javax.swing.JComponent.paint(Ljava/awt/Graphics;)V+318
j  javax.swing.JComponent.paintChildren(Ljava/awt/Graphics;)V+501
j  javax.swing.JComponent.paint(Ljava/awt/Graphics;)V+318
j  javax.swing.JComponent.paintToOffscreen(Ljava/awt/Graphics;IIIIII)V+41
j  javax.swing.RepaintManager$PaintManager.paintDoubleBuffered(Ljavax/swing/JComponent;Ljava/awt/Image;Ljava/awt/Graphics;IIII)V+163
j  javax.swing.RepaintManager$PaintManager.paint(Ljavax/swing/JComponent;Ljavax/swing/JComponent;Ljava/awt/Graphics;IIII)Z+116
j  javax.swing.RepaintManager.paint(Ljavax/swing/JComponent;Ljavax/swing/JComponent;Ljava/awt/Graphics;IIII)V+51
j  javax.swing.JComponent._paintImmediately(IIII)V+683
j  javax.swing.JComponent.paintImmediately(IIII)V+138
j  javax.swing.RepaintManager$4.run()Ljava/lang/Void;+81
j  javax.swing.RepaintManager$4.run()Ljava/lang/Object;+1
v  ~StubRoutines::call_stub
j  java.security.AccessController.doPrivileged(Ljava/security/PrivilegedAction;Ljava/security/AccessControlContext;)Ljava/lang/Object;+0
j  java.security.ProtectionDomain$JavaSecurityAccessImpl.doIntersectionPrivilege(Ljava/security/PrivilegedAction;Ljava/security/AccessControlContext;Ljava/security/AccessControlContext;)Ljava/lang/Object;+18
j  javax.swing.RepaintManager.paintDirtyRegions(Ljava/util/Map;)V+154
j  javax.swing.RepaintManager.paintDirtyRegions()V+46
j  javax.swing.RepaintManager.prePaintDirtyRegions()V+73
j  javax.swing.RepaintManager.access$1200(Ljavax/swing/RepaintManager;)V+1
j  javax.swing.RepaintManager$ProcessingRunnable.run()V+37
j  java.awt.event.InvocationEvent.dispatch()V+47
j  java.awt.EventQueue.dispatchEventImpl(Ljava/awt/AWTEvent;Ljava/lang/Object;)V+21
j  java.awt.EventQueue.access$500(Ljava/awt/EventQueue;Ljava/awt/AWTEvent;Ljava/lang/Object;)V+3
j  java.awt.EventQueue$3.run()Ljava/lang/Void;+32
j  java.awt.EventQueue$3.run()Ljava/lang/Object;+1
v  ~StubRoutines::call_stub
j  java.security.AccessController.doPrivileged(Ljava/security/PrivilegedAction;Ljava/security/AccessControlContext;)Ljava/lang/Object;+0
j  java.security.ProtectionDomain$JavaSecurityAccessImpl.doIntersectionPrivilege(Ljava/security/PrivilegedAction;Ljava/security/AccessControlContext;Ljava/security/AccessControlContext;)Ljava/lang/Object;+18
j  java.awt.EventQueue.dispatchEvent(Ljava/awt/AWTEvent;)V+46
j  java.awt.EventDispatchThread.pumpOneEventForFilters(I)V+140
j  java.awt.EventDispatchThread.pumpEventsForFilter(ILjava/awt/Conditional;Ljava/awt/EventFilter;)V+35
j  java.awt.EventDispatchThread.pumpEventsForHierarchy(ILjava/awt/Conditional;Ljava/awt/Component;)V+11
j  java.awt.EventDispatchThread.pumpEvents(ILjava/awt/Conditional;)V+4
j  java.awt.EventDispatchThread.pumpEvents(Ljava/awt/Conditional;)V+3
j  java.awt.EventDispatchThread.run()V+9
v  ~StubRoutines::call_stub

---------------  P R O C E S S  ---------------

Java Threads: ( => current thread )
  0x00000000199f0800 JavaThread "Thread-3" [_thread_blocked, id=3320, stack(0x0000000023aa0000,0x0000000023ba0000)]
  0x00000000199d9000 JavaThread "firebase-database-worker" daemon [_thread_in_vm, id=11360, stack(0x00000000237a0000,0x00000000238a0000)]
  0x00000000199d5800 JavaThread "firebase-scheduled-worker" daemon [_thread_blocked, id=5272, stack(0x00000000236a0000,0x00000000237a0000)]
  0x00000000199c6800 JavaThread "TimerQueue" daemon [_thread_blocked, id=7316, stack(0x00000000235a0000,0x00000000236a0000)]
  0x0000000002604800 JavaThread "DestroyJavaVM" [_thread_blocked, id=5444, stack(0x00000000024d0000,0x00000000025d0000)]
=>0x0000000019525800 JavaThread "AWT-EventQueue-0" [_thread_in_native, id=5204, stack(0x000000001a330000,0x000000001a430000)]
  0x0000000019478000 JavaThread "AWT-Windows" daemon [_thread_in_native, id=1892, stack(0x0000000019d60000,0x0000000019e60000)]
  0x0000000019477800 JavaThread "AWT-Shutdown" [_thread_blocked, id=4508, stack(0x0000000019c60000,0x0000000019d60000)]
  0x0000000019477000 JavaThread "Java2D Disposer" daemon [_thread_blocked, id=6960, stack(0x0000000019b60000,0x0000000019c60000)]
  0x0000000018c30800 JavaThread "Service Thread" daemon [_thread_blocked, id=11444, stack(0x0000000019000000,0x0000000019100000)]
  0x00000000172a0000 JavaThread "C1 CompilerThread2" daemon [_thread_blocked, id=6248, stack(0x0000000018b00000,0x0000000018c00000)]
  0x0000000017298800 JavaThread "C2 CompilerThread1" daemon [_thread_blocked, id=6976, stack(0x0000000018a00000,0x0000000018b00000)]
  0x0000000017296000 JavaThread "C2 CompilerThread0" daemon [_thread_blocked, id=6068, stack(0x0000000018900000,0x0000000018a00000)]
  0x0000000017294800 JavaThread "Attach Listener" daemon [_thread_blocked, id=492, stack(0x0000000018800000,0x0000000018900000)]
  0x0000000017293800 JavaThread "Signal Dispatcher" daemon [_thread_blocked, id=10344, stack(0x0000000018700000,0x0000000018800000)]
  0x0000000017280000 JavaThread "Finalizer" daemon [_thread_blocked, id=7616, stack(0x00000000184f0000,0x00000000185f0000)]
  0x00000000026f4800 JavaThread "Reference Handler" daemon [_thread_blocked, id=10000, stack(0x00000000183f0000,0x00000000184f0000)]

Other Threads:
  0x0000000017258000 VMThread [stack: 0x00000000182f0000,0x00000000183f0000] [id=580]
  0x00000000172ee800 WatcherThread [stack: 0x0000000019100000,0x0000000019200000] [id=4340]

VM state:not at safepoint (normal execution)

VM Mutex/Monitor currently owned by a thread: None

Heap:
 PSYoungGen      total 37888K, used 30292K [0x00000000d6000000, 0x00000000daa00000, 0x0000000100000000)
  eden space 32768K, 92% used [0x00000000d6000000,0x00000000d7d95258,0x00000000d8000000)
  from space 5120K, 0% used [0x00000000d8500000,0x00000000d8500000,0x00000000d8a00000)
  to   space 5120K, 0% used [0x00000000d8000000,0x00000000d8000000,0x00000000d8500000)
 ParOldGen       total 64512K, used 9405K [0x0000000082000000, 0x0000000085f00000, 0x00000000d6000000)
  object space 64512K, 14% used [0x0000000082000000,0x000000008292f7b0,0x0000000085f00000)
 Metaspace       used 25088K, capacity 25332K, committed 25600K, reserved 1071104K
  class space    used 3158K, capacity 3266K, committed 3328K, reserved 1048576K

Card table byte_map: [0x0000000011b60000,0x0000000011f60000] byte_map_base: 0x0000000011750000

Marking Bits: (ParMarkBitMap*) 0x00000000704c2d00
 Begin Bits: [0x0000000012600000, 0x0000000014580000)
 End Bits:   [0x0000000014580000, 0x0000000016500000)

Polling page: 0x0000000000b80000

CodeCache: size=245760Kb used=6573Kb max_used=6573Kb free=239186Kb
 bounds [0x00000000027a0000, 0x0000000002e10000, 0x00000000117a0000]
 total_blobs=2843 nmethods=2112 adapters=642
 compilation: enabled

Compilation events (10 events):
Event: 3.507 Thread 0x00000000172a0000 2103       3       sun.security.provider.X509Factory::readBERInternal (455 bytes)
Event: 3.510 Thread 0x00000000172a0000 nmethod 2103 0x0000000002e086d0 code [0x0000000002e08c80, 0x0000000002e0d048]
Event: 3.510 Thread 0x00000000172a0000 2102  s    3       sun.security.provider.X509Factory::getFromCache (15 bytes)
Event: 3.510 Thread 0x00000000172a0000 nmethod 2102 0x0000000002e058d0 code [0x0000000002e05a60, 0x0000000002e05f08]
Event: 3.510 Thread 0x00000000172a0000 2105       3       java.io.ByteArrayInputStream::close (1 bytes)
Event: 3.510 Thread 0x00000000172a0000 nmethod 2105 0x0000000002e01990 code [0x0000000002e01ae0, 0x0000000002e01c30]
Event: 3.510 Thread 0x00000000172a0000 2106       3       java.security.KeyStore::getCertificate (26 bytes)
Event: 3.510 Thread 0x00000000172a0000 nmethod 2106 0x0000000002e052d0 code [0x0000000002e05460, 0x0000000002e05778]
Event: 3.510 Thread 0x00000000172a0000 2107       3       sun.security.provider.JavaKeyStore$DualFormatJKS::engineGetCertificate (6 bytes)
Event: 3.510 Thread 0x00000000172a0000 nmethod 2107 0x0000000002e04e10 code [0x0000000002e04f80, 0x0000000002e051e8]

GC Heap History (6 events):
Event: 1.986 GC heap before
{Heap before GC invocations=1 (full 0):
 PSYoungGen      total 37888K, used 32768K [0x00000000d6000000, 0x00000000d8a00000, 0x0000000100000000)
  eden space 32768K, 100% used [0x00000000d6000000,0x00000000d8000000,0x00000000d8000000)
  from space 5120K, 0% used [0x00000000d8500000,0x00000000d8500000,0x00000000d8a00000)
  to   space 5120K, 0% used [0x00000000d8000000,0x00000000d8000000,0x00000000d8500000)
 ParOldGen       total 86016K, used 0K [0x0000000082000000, 0x0000000087400000, 0x00000000d6000000)
  object space 86016K, 0% used [0x0000000082000000,0x0000000082000000,0x0000000087400000)
 Metaspace       used 19217K, capacity 19484K, committed 19712K, reserved 1067008K
  class space    used 2453K, capacity 2544K, committed 2560K, reserved 1048576K
Event: 1.999 GC heap after
Heap after GC invocations=1 (full 0):
 PSYoungGen      total 37888K, used 5094K [0x00000000d6000000, 0x00000000d8a00000, 0x0000000100000000)
  eden space 32768K, 0% used [0x00000000d6000000,0x00000000d6000000,0x00000000d8000000)
  from space 5120K, 99% used [0x00000000d8000000,0x00000000d84f9a50,0x00000000d8500000)
  to   space 5120K, 0% used [0x00000000d8500000,0x00000000d8500000,0x00000000d8a00000)
 ParOldGen       total 86016K, used 2833K [0x0000000082000000, 0x0000000087400000, 0x00000000d6000000)
  object space 86016K, 3% used [0x0000000082000000,0x00000000822c47a0,0x0000000087400000)
 Metaspace       used 19217K, capacity 19484K, committed 19712K, reserved 1067008K
  class space    used 2453K, capacity 2544K, committed 2560K, reserved 1048576K
}
Event: 2.423 GC heap before
{Heap before GC invocations=2 (full 0):
 PSYoungGen      total 37888K, used 20590K [0x00000000d6000000, 0x00000000d8a00000, 0x0000000100000000)
  eden space 32768K, 47% used [0x00000000d6000000,0x00000000d6f21ea8,0x00000000d8000000)
  from space 5120K, 99% used [0x00000000d8000000,0x00000000d84f9a50,0x00000000d8500000)
  to   space 5120K, 0% used [0x00000000d8500000,0x00000000d8500000,0x00000000d8a00000)
 ParOldGen       total 86016K, used 2833K [0x0000000082000000, 0x0000000087400000, 0x00000000d6000000)
  object space 86016K, 3% used [0x0000000082000000,0x00000000822c47a0,0x0000000087400000)
 Metaspace       used 20861K, capacity 21152K, committed 21248K, reserved 1067008K
  class space    used 2625K, capacity 2750K, committed 2816K, reserved 1048576K
Event: 2.431 GC heap after
Heap after GC invocations=2 (full 0):
 PSYoungGen      total 37888K, used 5099K [0x00000000d6000000, 0x00000000daa00000, 0x0000000100000000)
  eden space 32768K, 0% used [0x00000000d6000000,0x00000000d6000000,0x00000000d8000000)
  from space 5120K, 99% used [0x00000000d8500000,0x00000000d89fadf0,0x00000000d8a00000)
  to   space 5120K, 0% used [0x00000000d8000000,0x00000000d8000000,0x00000000d8500000)
 ParOldGen       total 86016K, used 6727K [0x0000000082000000, 0x0000000087400000, 0x00000000d6000000)
  object space 86016K, 7% used [0x0000000082000000,0x0000000082691da8,0x0000000087400000)
 Metaspace       used 20861K, capacity 21152K, committed 21248K, reserved 1067008K
  class space    used 2625K, capacity 2750K, committed 2816K, reserved 1048576K
}
Event: 2.431 GC heap before
{Heap before GC invocations=3 (full 1):
 PSYoungGen      total 37888K, used 5099K [0x00000000d6000000, 0x00000000daa00000, 0x0000000100000000)
  eden space 32768K, 0% used [0x00000000d6000000,0x00000000d6000000,0x00000000d8000000)
  from space 5120K, 99% used [0x00000000d8500000,0x00000000d89fadf0,0x00000000d8a00000)
  to   space 5120K, 0% used [0x00000000d8000000,0x00000000d8000000,0x00000000d8500000)
 ParOldGen       total 86016K, used 6727K [0x0000000082000000, 0x0000000087400000, 0x00000000d6000000)
  object space 86016K, 7% used [0x0000000082000000,0x0000000082691da8,0x0000000087400000)
 Metaspace       used 20861K, capacity 21152K, committed 21248K, reserved 1067008K
  class space    used 2625K, capacity 2750K, committed 2816K, reserved 1048576K
Event: 2.463 GC heap after
Heap after GC invocations=3 (full 1):
 PSYoungGen      total 37888K, used 0K [0x00000000d6000000, 0x00000000daa00000, 0x0000000100000000)
  eden space 32768K, 0% used [0x00000000d6000000,0x00000000d6000000,0x00000000d8000000)
  from space 5120K, 0% used [0x00000000d8500000,0x00000000d8500000,0x00000000d8a00000)
  to   space 5120K, 0% used [0x00000000d8000000,0x00000000d8000000,0x00000000d8500000)
 ParOldGen       total 64512K, used 9405K [0x0000000082000000, 0x0000000085f00000, 0x00000000d6000000)
  object space 64512K, 14% used [0x0000000082000000,0x000000008292f7b0,0x0000000085f00000)
 Metaspace       used 20861K, capacity 21152K, committed 21248K, reserved 1067008K
  class space    used 2625K, capacity 2750K, committed 2816K, reserved 1048576K
}

Deoptimization events (10 events):
Event: 2.004 Thread 0x0000000019525800 Uncommon trap: reason=unstable_if action=reinterpret pc=0x0000000002b96ac0 method=java.lang.ref.SoftReference.get()Ljava/lang/Object; @ 17
Event: 2.038 Thread 0x0000000019525800 Uncommon trap: reason=unstable_if action=reinterpret pc=0x0000000002b81014 method=javax.swing.JComponent.getClientProperty(Ljava/lang/Object;)Ljava/lang/Object; @ 16
Event: 2.418 Thread 0x00000000199d5800 Uncommon trap: reason=class_check action=maybe_recompile pc=0x0000000002cd1d74 method=java.util.regex.Pattern$Curly.match(Ljava/util/regex/Matcher;ILjava/lang/CharSequence;)Z @ 19
Event: 2.481 Thread 0x00000000199d5800 Uncommon trap: reason=unstable_if action=reinterpret pc=0x0000000002cad11c method=java.lang.CharacterDataLatin1.digit(II)I @ 82
Event: 2.594 Thread 0x00000000199d5800 Uncommon trap: reason=predicate action=maybe_recompile pc=0x0000000002b5bc70 method=sun.net.www.ParseUtil.encodePath(Ljava/lang/String;Z)Ljava/lang/String; @ 36
Event: 2.621 Thread 0x00000000199d5800 Uncommon trap: reason=unstable_if action=reinterpret pc=0x0000000002caf154 method=java.lang.CharacterDataLatin1.digit(II)I @ 82
Event: 2.731 Thread 0x00000000199d5800 Uncommon trap: reason=unstable_if action=reinterpret pc=0x0000000002d5526c method=java.util.Arrays.equals([B[B)Z @ 41
Event: 2.916 Thread 0x00000000199d5800 Uncommon trap: reason=class_check action=maybe_recompile pc=0x0000000002cd1d74 method=java.util.regex.Pattern$Curly.match(Ljava/util/regex/Matcher;ILjava/lang/CharSequence;)Z @ 19
Event: 2.916 Thread 0x00000000199d5800 Uncommon trap: reason=class_check action=maybe_recompile pc=0x0000000002cd1d74 method=java.util.regex.Pattern$Curly.match(Ljava/util/regex/Matcher;ILjava/lang/CharSequence;)Z @ 19
Event: 2.916 Thread 0x00000000199d5800 Uncommon trap: reason=class_check action=maybe_recompile pc=0x0000000002cd1d74 method=java.util.regex.Pattern$Curly.match(Ljava/util/regex/Matcher;ILjava/lang/CharSequence;)Z @ 19

Classes redefined (0 events):
No events

Internal exceptions (10 events):
Event: 1.265 Thread 0x0000000019525800 Exception <a 'java/io/FileNotFoundException'> (0x00000000d6907be0) thrown at [C:\re\workspace\8-2-build-windows-amd64-cygwin\jdk8u181\11358\hotspot\src\share\vm\prims\jni.cpp, line 709]
Event: 1.273 Thread 0x0000000019525800 Exception <a 'java/io/FileNotFoundException'> (0x00000000d694c128) thrown at [C:\re\workspace\8-2-build-windows-amd64-cygwin\jdk8u181\11358\hotspot\src\share\vm\prims\jni.cpp, line 709]
Event: 1.360 Thread 0x0000000019525800 Exception <a 'java/lang/NoClassDefFoundError': org/slf4j/impl/StaticLoggerBinder> (0x00000000d6bae708) thrown at [C:\re\workspace\8-2-build-windows-amd64-cygwin\jdk8u181\11358\hotspot\src\share\vm\classfile\systemDictionary.cpp, line 199]
Event: 2.914 Thread 0x00000000199d5800 Exception <a 'java/lang/ArrayIndexOutOfBoundsException'> (0x00000000d684a570) thrown at [C:\re\workspace\8-2-build-windows-amd64-cygwin\jdk8u181\11358\hotspot\src\share\vm\runtime\sharedRuntime.cpp, line 605]
Event: 2.915 Thread 0x00000000199d5800 Exception <a 'java/lang/ArrayIndexOutOfBoundsException'> (0x00000000d684b660) thrown at [C:\re\workspace\8-2-build-windows-amd64-cygwin\jdk8u181\11358\hotspot\src\share\vm\runtime\sharedRuntime.cpp, line 605]
Event: 2.915 Thread 0x00000000199d5800 Exception <a 'java/lang/ArrayIndexOutOfBoundsException'> (0x00000000d684c9e8) thrown at [C:\re\workspace\8-2-build-windows-amd64-cygwin\jdk8u181\11358\hotspot\src\share\vm\runtime\sharedRuntime.cpp, line 605]
Event: 2.915 Thread 0x00000000199d5800 Exception <a 'java/lang/ArrayIndexOutOfBoundsException'> (0x00000000d684d7c0) thrown at [C:\re\workspace\8-2-build-windows-amd64-cygwin\jdk8u181\11358\hotspot\src\share\vm\runtime\sharedRuntime.cpp, line 605]
Event: 2.980 Thread 0x00000000199d9000 Exception <a 'java/lang/NoClassDefFoundError': org/apache/log4j/Priority> (0x00000000d6dd3180) thrown at [C:\re\workspace\8-2-build-windows-amd64-cygwin\jdk8u181\11358\hotspot\src\share\vm\classfile\systemDictionary.cpp, line 199]
Event: 2.982 Thread 0x00000000199d9000 Exception <a 'java/lang/ArrayIndexOutOfBoundsException'> (0x00000000d6e03380) thrown at [C:\re\workspace\8-2-build-windows-amd64-cygwin\jdk8u181\11358\hotspot\src\share\vm\runtime\sharedRuntime.cpp, line 605]
Event: 2.982 Thread 0x00000000199d9000 Exception <a 'java/lang/ArrayIndexOutOfBoundsException'> (0x00000000d6e04158) thrown at [C:\re\workspace\8-2-build-windows-amd64-cygwin\jdk8u181\11358\hotspot\src\share\vm\runtime\sharedRuntime.cpp, line 605]

Events (10 events):
Event: 3.533 loading class sun/management/RuntimeImpl
Event: 3.533 loading class sun/management/RuntimeImpl done
Event: 3.536 loading class io/netty/util/internal/MacAddressUtil
Event: 3.536 loading class io/netty/util/internal/MacAddressUtil done
Event: 3.537 loading class java/net/SocketException
Event: 3.537 loading class java/net/SocketException done
Event: 3.537 loading class io/netty/util/NetUtil
Event: 3.537 loading class io/netty/util/NetUtil done
Event: 3.538 loading class java/net/UnknownHostException
Event: 3.538 loading class java/net/UnknownHostException done


Dynamic libraries:
0x00007ff6b2300000 - 0x00007ff6b2337000 	C:\Program Files\Java\jdk1.8.0_181\bin\java.exe
0x00007ff8e6a20000 - 0x00007ff8e6c01000 	C:\WINDOWS\SYSTEM32\ntdll.dll
0x00007ff8e6640000 - 0x00007ff8e66f2000 	C:\WINDOWS\System32\KERNEL32.DLL
0x00007ff8e3a40000 - 0x00007ff8e3cb3000 	C:\WINDOWS\System32\KERNELBASE.dll
0x00007ff8e6880000 - 0x00007ff8e6921000 	C:\WINDOWS\System32\ADVAPI32.dll
0x00007ff8e43d0000 - 0x00007ff8e446e000 	C:\WINDOWS\System32\msvcrt.dll
0x00007ff8e4470000 - 0x00007ff8e44cb000 	C:\WINDOWS\System32\sechost.dll
0x00007ff8e3eb0000 - 0x00007ff8e3fd4000 	C:\WINDOWS\System32\RPCRT4.dll
0x00007ff8e61b0000 - 0x00007ff8e6340000 	C:\WINDOWS\System32\USER32.dll
0x00007ff8e2e90000 - 0x00007ff8e2eb0000 	C:\WINDOWS\System32\win32u.dll
0x00007ff8e6710000 - 0x00007ff8e6738000 	C:\WINDOWS\System32\GDI32.dll
0x00007ff8e3d10000 - 0x00007ff8e3ea2000 	C:\WINDOWS\System32\gdi32full.dll
0x00007ff8e2df0000 - 0x00007ff8e2e8f000 	C:\WINDOWS\System32\msvcp_win.dll
0x00007ff8e36f0000 - 0x00007ff8e37ea000 	C:\WINDOWS\System32\ucrtbase.dll
0x00007ff8cd850000 - 0x00007ff8cdab9000 	C:\WINDOWS\WinSxS\amd64_microsoft.windows.common-controls_6595b64144ccf1df_6.0.17134.285_none_fb4297e330656775\COMCTL32.dll
0x00007ff8e3ff0000 - 0x00007ff8e4313000 	C:\WINDOWS\System32\combase.dll
0x00007ff8e2eb0000 - 0x00007ff8e2f2a000 	C:\WINDOWS\System32\bcryptPrimitives.dll
0x00007ff8e6760000 - 0x00007ff8e678d000 	C:\WINDOWS\System32\IMM32.DLL
0x0000000070550000 - 0x0000000070622000 	C:\Program Files\Java\jdk1.8.0_181\jre\bin\msvcr100.dll
0x000000006fca0000 - 0x0000000070542000 	C:\Program Files\Java\jdk1.8.0_181\jre\bin\server\jvm.dll
0x00007ff8e5d60000 - 0x00007ff8e5d68000 	C:\WINDOWS\System32\PSAPI.DLL
0x00007ff8d3e70000 - 0x00007ff8d3e79000 	C:\WINDOWS\SYSTEM32\WSOCK32.dll
0x00007ff8e0420000 - 0x00007ff8e0443000 	C:\WINDOWS\SYSTEM32\WINMM.dll
0x00007ff8d2790000 - 0x00007ff8d279a000 	C:\WINDOWS\SYSTEM32\VERSION.dll
0x00007ff8e6500000 - 0x00007ff8e656c000 	C:\WINDOWS\System32\WS2_32.dll
0x00007ff8dfcd0000 - 0x00007ff8dfcfa000 	C:\WINDOWS\SYSTEM32\winmmbase.dll
0x00007ff8e3cc0000 - 0x00007ff8e3d09000 	C:\WINDOWS\System32\cfgmgr32.dll
0x000000006fc90000 - 0x000000006fc9f000 	C:\Program Files\Java\jdk1.8.0_181\jre\bin\verify.dll
0x000000006fc60000 - 0x000000006fc89000 	C:\Program Files\Java\jdk1.8.0_181\jre\bin\java.dll
0x000000006fc40000 - 0x000000006fc56000 	C:\Program Files\Java\jdk1.8.0_181\jre\bin\zip.dll
0x00007ff8e44d0000 - 0x00007ff8e5910000 	C:\WINDOWS\System32\SHELL32.dll
0x00007ff8e4320000 - 0x00007ff8e43c9000 	C:\WINDOWS\System32\shcore.dll
0x00007ff8e2fe0000 - 0x00007ff8e36ed000 	C:\WINDOWS\System32\windows.storage.dll
0x00007ff8e6930000 - 0x00007ff8e6981000 	C:\WINDOWS\System32\shlwapi.dll
0x00007ff8e2dd0000 - 0x00007ff8e2de1000 	C:\WINDOWS\System32\kernel.appcore.dll
0x00007ff8e2d90000 - 0x00007ff8e2daf000 	C:\WINDOWS\System32\profapi.dll
0x00007ff8e2d30000 - 0x00007ff8e2d7c000 	C:\WINDOWS\System32\powrprof.dll
0x00007ff8e2d80000 - 0x00007ff8e2d8a000 	C:\WINDOWS\System32\FLTLIB.DLL
0x000000006fa60000 - 0x000000006fbf9000 	C:\Program Files\Java\jdk1.8.0_181\jre\bin\awt.dll
0x00007ff8e6570000 - 0x00007ff8e6632000 	C:\WINDOWS\System32\OLEAUT32.dll
0x00007ff8e0590000 - 0x00007ff8e061b000 	C:\WINDOWS\SYSTEM32\apphelp.dll
0x00007ff8e0bc0000 - 0x00007ff8e0c58000 	C:\WINDOWS\system32\uxtheme.dll
0x00007ff8e5df0000 - 0x00007ff8e5f65000 	C:\WINDOWS\System32\MSCTF.dll
0x00007ff8e0f20000 - 0x00007ff8e0f49000 	C:\WINDOWS\system32\dwmapi.dll
0x00007ff8e63a0000 - 0x00007ff8e64f1000 	C:\WINDOWS\System32\ole32.dll
0x000000006f9d0000 - 0x000000006fa17000 	C:\Program Files\Java\jdk1.8.0_181\jre\bin\fontmanager.dll
0x00007ff890c50000 - 0x00007ff8939aa000 	C:\Windows\System32\opencv_java343.dll
0x00007ff8cd4a0000 - 0x00007ff8cd4b8000 	C:\WINDOWS\SYSTEM32\AVICAP32.dll
0x00007ff8d12a0000 - 0x00007ff8d12bf000 	C:\WINDOWS\SYSTEM32\AVIFIL32.dll
0x00007ff8d54e0000 - 0x00007ff8d5509000 	C:\WINDOWS\SYSTEM32\MSVFW32.dll
0x00007ff8bf4e0000 - 0x00007ff8bf55b000 	C:\WINDOWS\SYSTEM32\MF.dll
0x00007ff8b9be0000 - 0x00007ff8b9cd8000 	C:\WINDOWS\SYSTEM32\MFReadWrite.dll
0x00007ff8dedc0000 - 0x00007ff8df0cb000 	C:\WINDOWS\SYSTEM32\d3d11.dll
0x00007ff8dab10000 - 0x00007ff8dab2c000 	C:\WINDOWS\SYSTEM32\MSACM32.dll
0x00007ff8d3980000 - 0x00007ff8d3b5b000 	C:\WINDOWS\SYSTEM32\MFPlat.DLL
0x00007ff8e17f0000 - 0x00007ff8e18ab000 	C:\WINDOWS\SYSTEM32\dxgi.dll
0x00007ff8c97c0000 - 0x00007ff8c9bee000 	C:\WINDOWS\SYSTEM32\MFCORE.DLL
0x00007ff8e37f0000 - 0x00007ff8e39d2000 	C:\WINDOWS\System32\CRYPT32.dll
0x00007ff8e2db0000 - 0x00007ff8e2dc2000 	C:\WINDOWS\System32\MSASN1.dll
0x00007ff8de780000 - 0x00007ff8de789000 	C:\WINDOWS\SYSTEM32\ksuser.dll
0x00007ff8e2830000 - 0x00007ff8e2855000 	C:\WINDOWS\SYSTEM32\bcrypt.dll
0x00007ff8e2720000 - 0x00007ff8e272b000 	C:\WINDOWS\SYSTEM32\CRYPTBASE.DLL
0x00007ff8da910000 - 0x00007ff8da93e000 	C:\WINDOWS\SYSTEM32\RTWorkQ.DLL
0x00007ff8a0700000 - 0x00007ff8a0820000 	C:\WINDOWS\system32\opengl32.dll
0x00007ff8d1110000 - 0x00007ff8d113c000 	C:\WINDOWS\SYSTEM32\GLU32.dll
0x00007ff8d7e00000 - 0x00007ff8d91f7000 	C:\WINDOWS\System32\DriverStore\FileRepository\k127153.inf_amd64_3f3936d8dec668b8\igd10iumd64.dll
0x00007ff8e2800000 - 0x00007ff8e2826000 	C:\WINDOWS\SYSTEM32\ncrypt.dll
0x00007ff8e27c0000 - 0x00007ff8e27f6000 	C:\WINDOWS\SYSTEM32\NTASN1.dll
0x00007ff8d5870000 - 0x00007ff8d7605000 	C:\WINDOWS\System32\DriverStore\FileRepository\k127153.inf_amd64_3f3936d8dec668b8\igc64.dll
0x00007ff8d9850000 - 0x00007ff8d986a000 	C:\WINDOWS\SYSTEM32\CompPkgSup.DLL
0x00007ff8e5f70000 - 0x00007ff8e6010000 	C:\WINDOWS\System32\clbcatq.dll
0x00007ff8c95d0000 - 0x00007ff8c961d000 	C:\Windows\System32\FSClient.dll
0x00007ff8c2b20000 - 0x00007ff8c2b6e000 	C:\Windows\System32\MFSENSORGROUP.dll
0x00007ff8dd6f0000 - 0x00007ff8dd6fa000 	C:\WINDOWS\SYSTEM32\AVRT.dll
0x00007ff8c8db0000 - 0x00007ff8c9425000 	C:\Windows\System32\Windows.Media.dll
0x00007ff8e1e80000 - 0x00007ff8e1eb1000 	C:\WINDOWS\SYSTEM32\ntmarta.dll
0x00007ff8d93e0000 - 0x00007ff8d93ec000 	C:\Windows\System32\vidcap.ax
0x00007ff8ca890000 - 0x00007ff8ca8b6000 	C:\Windows\System32\kswdmcap.ax
0x00007ff8b7b80000 - 0x00007ff8b7ce4000 	C:\Windows\System32\MFC42.dll
0x00007ff8ded10000 - 0x00007ff8ded8f000 	C:\WINDOWS\SYSTEM32\policymanager.dll
0x00007ff8dea30000 - 0x00007ff8deac1000 	C:\WINDOWS\SYSTEM32\msvcp110_win.dll
0x00007ff8d1440000 - 0x00007ff8d1571000 	C:\Windows\System32\Windows.StateRepositoryPS.dll
0x00007ff8de8e0000 - 0x00007ff8dea2d000 	C:\Windows\System32\WinTypes.dll
0x00007ff8dd890000 - 0x00007ff8dd8e2000 	C:\WINDOWS\SYSTEM32\capauthz.dll
0x00007ff8e39e0000 - 0x00007ff8e3a37000 	C:\WINDOWS\System32\WINTRUST.dll
0x00007ff8a8c90000 - 0x00007ff8a8f7f000 	C:\Program Files\Intel\Media SDK\mfx_mft_mjpgvd_64.dll
0x00007ff8e10e0000 - 0x00007ff8e1294000 	C:\WINDOWS\SYSTEM32\PROPSYS.dll
0x00007ff898cc0000 - 0x00007ff89bc7e000 	C:\WINDOWS\System32\DriverStore\FileRepository\k127153.inf_amd64_3f3936d8dec668b8\igd11dxva64.dll
0x00007ff8cd430000 - 0x00007ff8cd44d000 	C:\Windows\System32\mfmjpegdec.dll
0x00007ff8b80a0000 - 0x00007ff8b81cb000 	C:\Windows\System32\mfperfhelper.dll
0x00007ff8b6130000 - 0x00007ff8b623d000 	C:\WINDOWS\System32\msvproc.dll
0x000000006fc20000 - 0x000000006fc3a000 	C:\Program Files\Java\jdk1.8.0_181\jre\bin\net.dll
0x00007ff8e2550000 - 0x00007ff8e25b6000 	C:\WINDOWS\system32\mswsock.dll
0x000000006fc00000 - 0x000000006fc11000 	C:\Program Files\Java\jdk1.8.0_181\jre\bin\nio.dll
0x000000006f980000 - 0x000000006f9c2000 	C:\Program Files\Java\jdk1.8.0_181\jre\bin\t2k.dll
0x00007ff8db0b0000 - 0x00007ff8db25e000 	C:\WINDOWS\SYSTEM32\WindowsCodecs.dll
0x00007ff8d18a0000 - 0x00007ff8d18f8000 	C:\WINDOWS\system32\dataexchange.dll
0x00007ff8dfd20000 - 0x00007ff8dfebc000 	C:\WINDOWS\system32\dcomp.dll
0x00007ff8e0c80000 - 0x00007ff8e0e38000 	C:\WINDOWS\system32\twinapi.appcore.dll
0x00007ff8e0ec0000 - 0x00007ff8e0ee1000 	C:\WINDOWS\system32\RMCLIENT.dll
0x00007ff8e2700000 - 0x00007ff8e2717000 	C:\WINDOWS\SYSTEM32\CRYPTSP.dll
0x00007ff8e2130000 - 0x00007ff8e2163000 	C:\WINDOWS\system32\rsaenh.dll
0x00007ff8e2c30000 - 0x00007ff8e2c58000 	C:\WINDOWS\SYSTEM32\USERENV.dll
0x00007ff8e22d0000 - 0x00007ff8e2308000 	C:\WINDOWS\SYSTEM32\IPHLPAPI.DLL
0x00007ff8e6700000 - 0x00007ff8e6708000 	C:\WINDOWS\System32\NSI.dll
0x00007ff8daf50000 - 0x00007ff8daf66000 	C:\WINDOWS\SYSTEM32\dhcpcsvc6.DLL
0x00007ff8db3a0000 - 0x00007ff8db3ba000 	C:\WINDOWS\SYSTEM32\dhcpcsvc.DLL
0x00007ff8dcf30000 - 0x00007ff8dcfc7000 	C:\WINDOWS\System32\TextInputFramework.dll
0x00007ff8da4a0000 - 0x00007ff8da7be000 	C:\WINDOWS\System32\CoreUIComponents.dll
0x00007ff8dff10000 - 0x00007ff8dffea000 	C:\WINDOWS\System32\CoreMessaging.dll
0x000000006f940000 - 0x000000006f96a000 	C:\Program Files\Java\jdk1.8.0_181\jre\bin\dcpr.dll
0x000000006c750000 - 0x000000006c774000 	C:\Program Files\Java\jdk1.8.0_181\jre\bin\sunec.dll
0x000000006c740000 - 0x000000006c74b000 	C:\Program Files\Java\jdk1.8.0_181\jre\bin\sunmscapi.dll
0x00007ff8e2320000 - 0x00007ff8e23de000 	C:\WINDOWS\SYSTEM32\DNSAPI.dll
0x00007ff8d5380000 - 0x00007ff8d538a000 	C:\Windows\System32\rasadhlp.dll
0x00007ff8d9340000 - 0x00007ff8d93b2000 	C:\WINDOWS\System32\fwpuclnt.dll
0x00007ff8ca820000 - 0x00007ff8ca844000 	C:\WINDOWS\SYSTEM32\OpenCL.dll
0x00007ff8aa190000 - 0x00007ff8aa2e7000 	C:\WINDOWS\System32\DriverStore\FileRepository\k127153.inf_amd64_3f3936d8dec668b8\IntelOpenCL64.dll
0x00007ff8a8ab0000 - 0x00007ff8a8c8b000 	C:\Program Files (x86)\Common Files\Intel\OpenCL\bin\x64\intelocl64.dll
0x00007ff8ba7f0000 - 0x00007ff8ba89c000 	C:\Program Files (x86)\Common Files\Intel\OpenCL\bin\x64\task_executor64.dll
0x00007ff8b81e0000 - 0x00007ff8b82cb000 	C:\Program Files (x86)\Common Files\Intel\OpenCL\bin\x64\cpu_device64.dll
0x00007ff8a8600000 - 0x00007ff8a8aa3000 	C:\WINDOWS\System32\DriverStore\FileRepository\k127153.inf_amd64_3f3936d8dec668b8\igdrclneo64.dll
0x00007ff8d45a0000 - 0x00007ff8d45ac000 	C:\Windows\System32\openalprjni.dll
0x00007ff8d11d0000 - 0x00007ff8d11e6000 	C:\Program Files\Java\jdk1.8.0_181\jre\bin\VCRUNTIME140.dll
0x00007ff8b8000000 - 0x00007ff8b809c000 	C:\Program Files\Java\jdk1.8.0_181\jre\bin\MSVCP140.dll
0x00007ff89f9b0000 - 0x00007ff89ff08000 	C:\WINDOWS\SYSTEM32\openalpr.dll
0x00007ff8a8300000 - 0x00007ff8a85f6000 	C:\WINDOWS\SYSTEM32\liblept170.dll
0x00007ff88ef80000 - 0x00007ff88fcff000 	C:\WINDOWS\SYSTEM32\opencv_world300.dll

VM Arguments:
java_command: com.alvarogalia.Client.Main
java_class_path (initial): C:\Users\GENESYS\Documents\GitHub\Client\target\classes;C:\Users\GENESYS\.m2\repository\com\google\firebase\firebase-admin\6.2.0\firebase-admin-6.2.0.jar;C:\Users\GENESYS\.m2\repository\com\google\api-client\google-api-client\1.23.0\google-api-client-1.23.0.jar;C:\Users\GENESYS\.m2\repository\com\google\oauth-client\google-oauth-client\1.23.0\google-oauth-client-1.23.0.jar;C:\Users\GENESYS\.m2\repository\com\google\http-client\google-http-client-jackson2\1.23.0\google-http-client-jackson2-1.23.0.jar;C:\Users\GENESYS\.m2\repository\com\fasterxml\jackson\core\jackson-core\2.1.3\jackson-core-2.1.3.jar;C:\Users\GENESYS\.m2\repository\com\google\api-client\google-api-client-gson\1.23.0\google-api-client-gson-1.23.0.jar;C:\Users\GENESYS\.m2\repository\com\google\http-client\google-http-client-gson\1.23.0\google-http-client-gson-1.23.0.jar;C:\Users\GENESYS\.m2\repository\com\google\code\gson\gson\2.1\gson-2.1.jar;C:\Users\GENESYS\.m2\repository\com\google\http-client\google-http-client\1.23.0\google-http-client-1.23.0.jar;C:\Users\GENESYS\.m2\repository\com\google\code\findbugs\jsr305\1.3.9\jsr305-1.3.9.jar;C:\Users\GENESYS\.m2\repository\org\apache\httpcomponents\httpclient\4.0.1\httpclient-4.0.1.jar;C:\Users\GENESYS\.m2\repository\org\apache\httpcomponents\httpcore\4.0.1\httpcore-4.0.1.jar;C:\Users\GENESYS\.m2\repository\commons-logging\commons-logging\1.1.1\commons-logging-1.1.1.jar;C:\Users\GENESYS\.m2\repository\commons-codec\commons-codec\1.3\commons-codec-1.3.jar;C:\Users\GENESYS\.m2\repository\com\google\api\api-common\1.2.0\api-common-1.2.0.jar;C:\Users\GENESYS\.m2\repository\com\google\auth\google-auth-library-oauth2-http\0.8.0\google-auth-library-oauth2-http-0.8.0.jar;C:\Users\GENESYS\.m2\repository\com\google\auth\google-auth-library-credentials\0.8.0\google-auth-library-credentials-0.8.0.jar;C:\Users\GENESYS\.m2\repository\com\google\cloud\google-cloud-storage\1.27.0\google-cloud-storage-1.27.0.jar;C:\Users\GENESYS\.m2\repository\c
Launcher Type: SUN_STANDARD

Environment Variables:
JAVA_HOME=C:\Program Files\Java\jdk1.8.0_181
PATH=C:\Program Files (x86)\Common Files\Oracle\Java\javapath;C:\ProgramData\Oracle\Java\javapath;C:\Windows\system32;C:\Windows;C:\Windows\System32\Wbem;C:\Windows\System32\WindowsPowerShell\v1.0\;C:\Windows\System32\OpenSSH\;C:\Users\GENESYS\AppData\Local\Microsoft\WindowsApps;W:\oracle\product\11g\11.2.0\bin;w:\oracle\product\8i\bin;w:\oracle\product\6i\bin;w:\oracle\product\9i\bin;w:\oracle\product\10g\bin;C:\WINDOWS\system32;C:\WINDOWS;C:\WINDOWS\System32\Wbem;C:\WINDOWS\System32\WindowsPowerShell\v1.0\;C:\WINDOWS\System32\OpenSSH\;C:\Program Files\dotnet\;C:\Program Files\Microsoft SQL Server\130\Tools\Binn\;C:\Program Files\nodejs\;C:\Program Files\JDK\bin;C:\Program Files\Git_64_bit\cmd;C:\Users\GENESYS\AppData\Local\Microsoft\WindowsApps;C:\Users\GENESYS\.dotnet\tools;C:\Users\GENESYS\AppData\Roaming\npm;C:\Users\GENESYS\AppData\Local\GitHubDesktop\bin;C:\Program Files\Java\jdk1.8.0_181\bin;
USERNAME=GENESYS
OS=Windows_NT
PROCESSOR_IDENTIFIER=Intel64 Family 6 Model 142 Stepping 9, GenuineIntel



---------------  S Y S T E M  ---------------

OS: Windows 10.0 , 64 bit Build 17134 (10.0.17134.1)

CPU:total 4 (initial active 4) (2 cores per cpu, 2 threads per core) family 6 model 142 stepping 9, cmov, cx8, fxsr, mmx, sse, sse2, sse3, ssse3, sse4.1, sse4.2, popcnt, avx, avx2, aes, clmul, erms, 3dnowpref, lzcnt, ht, tsc, tscinvbit, bmi1, bmi2, adx

Memory: 4k page, physical 8251516k(2558024k free), swap 10741884k(3760384k free)

vm_info: Java HotSpot(TM) 64-Bit Server VM (25.181-b13) for windows-amd64 JRE (1.8.0_181-b13), built on Jul  7 2018 04:01:33 by "java_re" with MS VC++ 10.0 (VS2010)

time: Thu Oct 11 12:18:56 2018
elapsed time: 3 seconds (0d 0h 0m 3s)

